c:\users\zhen\desktop\opensimplexnoise\opensimplexnoise\x64\release\vc143.pdb
c:\users\zhen\desktop\opensimplexnoise\opensimplexnoise\x64\release\opensimplexnoise.obj
c:\users\zhen\desktop\opensimplexnoise\x64\release\opensimplexnoise.dll
c:\users\zhen\desktop\opensimplexnoise\x64\release\opensimplexnoise.pdb
c:\users\zhen\desktop\opensimplexnoise\opensimplexnoise\x64\release\opensimplexnoise.res
c:\users\zhen\desktop\opensimplexnoise\x64\release\opensimplexnoise.lib
c:\users\zhen\desktop\opensimplexnoise\x64\release\opensimplexnoise.exp
c:\users\zhen\desktop\opensimplexnoise\opensimplexnoise\x64\release\opensimplexnoise.ipdb
c:\users\zhen\desktop\opensimplexnoise\opensimplexnoise\x64\release\opensimplexnoise.iobj
c:\users\zhen\desktop\opensimplexnoise\opensimplexnoise\x64\release\opensimplexnoise.tlog\cl.command.1.tlog
c:\users\zhen\desktop\opensimplexnoise\opensimplexnoise\x64\release\opensimplexnoise.tlog\cl.items.tlog
c:\users\zhen\desktop\opensimplexnoise\opensimplexnoise\x64\release\opensimplexnoise.tlog\cl.read.1.tlog
c:\users\zhen\desktop\opensimplexnoise\opensimplexnoise\x64\release\opensimplexnoise.tlog\cl.write.1.tlog
c:\users\zhen\desktop\opensimplexnoise\opensimplexnoise\x64\release\opensimplexnoise.tlog\link.command.1.tlog
c:\users\zhen\desktop\opensimplexnoise\opensimplexnoise\x64\release\opensimplexnoise.tlog\link.read.1.tlog
c:\users\zhen\desktop\opensimplexnoise\opensimplexnoise\x64\release\opensimplexnoise.tlog\link.secondary.1.tlog
c:\users\zhen\desktop\opensimplexnoise\opensimplexnoise\x64\release\opensimplexnoise.tlog\link.write.1.tlog
c:\users\zhen\desktop\opensimplexnoise\opensimplexnoise\x64\release\opensimplexnoise.tlog\rc.command.1.tlog
c:\users\zhen\desktop\opensimplexnoise\opensimplexnoise\x64\release\opensimplexnoise.tlog\rc.read.1.tlog
c:\users\zhen\desktop\opensimplexnoise\opensimplexnoise\x64\release\opensimplexnoise.tlog\rc.write.1.tlog
