c:\users\zhen\desktop\opensimplexnoise\opensimplexnoise\x64\debug\vc143.pdb
c:\users\zhen\desktop\opensimplexnoise\opensimplexnoise\x64\debug\vc143.idb
c:\users\zhen\desktop\opensimplexnoise\opensimplexnoise\x64\debug\opensimplexnoise.obj
c:\users\zhen\desktop\opensimplexnoise\x64\debug\opensimplexnoise.dll
c:\users\zhen\desktop\opensimplexnoise\x64\debug\opensimplexnoise.pdb
c:\users\zhen\desktop\opensimplexnoise\opensimplexnoise\x64\debug\opensimplexnoise.res
c:\users\zhen\desktop\opensimplexnoise\x64\debug\opensimplexnoise.lib
c:\users\zhen\desktop\opensimplexnoise\x64\debug\opensimplexnoise.exp
c:\users\zhen\desktop\opensimplexnoise\opensimplexnoise\x64\debug\opensimplexnoise.ilk
c:\users\zhen\desktop\opensimplexnoise\opensimplexnoise\x64\debug\opensimplexnoise.exp
c:\users\zhen\desktop\opensimplexnoise\opensimplexnoise\x64\debug\opensimplexnoise.pdb
c:\users\zhen\desktop\opensimplexnoise\opensimplexnoise\x64\debug\opensimplexnoise.tlog\cl.command.1.tlog
c:\users\zhen\desktop\opensimplexnoise\opensimplexnoise\x64\debug\opensimplexnoise.tlog\cl.items.tlog
c:\users\zhen\desktop\opensimplexnoise\opensimplexnoise\x64\debug\opensimplexnoise.tlog\cl.read.1.tlog
c:\users\zhen\desktop\opensimplexnoise\opensimplexnoise\x64\debug\opensimplexnoise.tlog\cl.write.1.tlog
c:\users\zhen\desktop\opensimplexnoise\opensimplexnoise\x64\debug\opensimplexnoise.tlog\link.command.1.tlog
c:\users\zhen\desktop\opensimplexnoise\opensimplexnoise\x64\debug\opensimplexnoise.tlog\link.read.1.tlog
c:\users\zhen\desktop\opensimplexnoise\opensimplexnoise\x64\debug\opensimplexnoise.tlog\link.secondary.1.tlog
c:\users\zhen\desktop\opensimplexnoise\opensimplexnoise\x64\debug\opensimplexnoise.tlog\link.write.1.tlog
c:\users\zhen\desktop\opensimplexnoise\opensimplexnoise\x64\debug\opensimplexnoise.tlog\rc.command.1.tlog
c:\users\zhen\desktop\opensimplexnoise\opensimplexnoise\x64\debug\opensimplexnoise.tlog\rc.read.1.tlog
c:\users\zhen\desktop\opensimplexnoise\opensimplexnoise\x64\debug\opensimplexnoise.tlog\rc.write.1.tlog
